WARNING: Could not load optional Python module: python/3.11.6
Continuing without explicit python module; conda env Python will be used.
Many modules are hidden in this stack. Use "module --show_hidden spider SOFTWARE" if you are not able to find the required software
DPO environment loaded for user: gguidarini
Running on host: eu-g6-015
/cluster/project/infk/krause/gguidarini/miniconda3/envs/flu/bin/python
Sat Apr  4 19:43:16 2026       
+-----------------------------------------------------------------------------------------+
| NVIDIA-SMI 580.126.20             Driver Version: 580.126.20     CUDA Version: 13.0     |
+-----------------------------------------+------------------------+----------------------+
| GPU  Name                 Persistence-M | Bus-Id          Disp.A | Volatile Uncorr. ECC |
| Fan  Temp   Perf          Pwr:Usage/Cap |           Memory-Usage | GPU-Util  Compute M. |
|                                         |                        |               MIG M. |
|=========================================+========================+======================|
|   0  NVIDIA GeForce RTX 4090        On  |   00000000:81:00.0 Off |                  Off |
| 33%   39C    P8             17W /  450W |       1MiB /  24564MiB |      0%      Default |
|                                         |                        |                  N/A |
+-----------------------------------------+------------------------+----------------------+

+-----------------------------------------------------------------------------------------+
| Processes:                                                                              |
|  GPU   GI   CI              PID   Type   Process name                        GPU Memory |
|        ID   ID                                                               Usage      |
|=========================================================================================|
|  No running processes found                                                             |
+-----------------------------------------------------------------------------------------+
2026-04-04 19:43:21,752 | INFO | Starting DPO training run
2026-04-04 19:43:21,754 | INFO | Saved resolved config to /cluster/home/gguidarini/protein-design/outputs/2026-04-04/19-43-21/resolved_config.yaml
wandb: [wandb.login()] Loaded credentials for https://api.wandb.ai from /cluster/home/gguidarini/.netrc.
wandb: Currently logged in as: gguidarini (gguidarini-eth-zurich) to https://api.wandb.ai. Use `wandb login --relogin` to force relogin
wandb: setting up run jke0q5bj
wandb: Tracking run with wandb version 0.25.1
wandb: Run data is saved locally in /cluster/home/gguidarini/protein-design/outputs/2026-04-04/19-43-21/wandb/run-20260404_194323-jke0q5bj
wandb: Run `wandb offline` to turn off syncing.
wandb: Syncing run colorful-grass-4
wandb: ⭐️ View project at https://wandb.ai/gguidarini-eth-zurich/flu
wandb: 🚀 View run at https://wandb.ai/gguidarini-eth-zurich/flu/runs/jke0q5bj
2026-04-04 19:43:26,986 | INFO | Pair stats | n=26807 | margin mean=13.8891 median=14.8937 min=2.0063 max=22.5497
2026-04-04 19:43:26,991 | INFO | Pairs per view: mut2:13622, mut1:13185
2026-04-04 19:43:26,993 | INFO | Top margin examples:
2026-04-04 19:43:26,994 | INFO |   view=mut1 cluster=418 margin=22.5497 chosen=HRSMQQVRSAGWERADLVGDAFDV rejected=HRSMQQVVSAGVERADLVGDAFDV
2026-04-04 19:43:26,994 | INFO |   view=mut2 cluster=389 margin=22.3773 chosen=HMSMQQVVGVGWERADLVGDAFDV rejected=HMSMQQRVSVGWERADLVGDAFDV
2026-04-04 19:43:26,994 | INFO |   view=mut2 cluster=313 margin=22.3260 chosen=HMSMQQVRSAGWERASLVGDAFDV rejected=HMSMQQVVSAGLERASLVGDAFDV
2026-04-04 19:43:26,994 | INFO |   view=mut2 cluster=307 margin=22.2503 chosen=HMSMQQVVGAGWERALLVGDAFDV rejected=HMSMQQVVSAGTERALLVGDAFDV
2026-04-04 19:43:26,994 | INFO |   view=mut2 cluster=331 margin=22.2321 chosen=HMSMQQVVDAGWERRDLVGDAFDV rejected=HMSMQQVVSAGRERRDLVGDAFDV
2026-04-04 19:43:26,994 | INFO | Bottom margin examples:
2026-04-04 19:43:26,994 | INFO |   view=mut2 cluster=78 margin=2.0063 chosen=HESMQQVESAGWERADLVGDAFDV rejected=HMSGQQVESAGWERADLVGDAFDV
2026-04-04 19:43:26,995 | INFO |   view=mut2 cluster=87 margin=2.0072 chosen=HMNMQQVPSAGWERADLVGDAFDV rejected=HMLMQQVPSAGWERADLVGDAFDV
2026-04-04 19:43:26,995 | INFO |   view=mut1 cluster=219 margin=2.0084 chosen=HMSMQQVVSAGWERADLVGDAMSV rejected=HMSMQQVVSAGWERADLVGDAMDN
2026-04-04 19:43:26,995 | INFO |   view=mut1 cluster=84 margin=2.0103 chosen=HMSMQQVAQAGWERADLVGDAFDV rejected=HMSMQQVAYAGWERADLVGDAFDV
2026-04-04 19:43:26,995 | INFO |   view=mut1 cluster=96 margin=2.0124 chosen=HMSMQQVPSAGWERANLVGDAFDV rejected=HMSMQQVPSARWERADLVGDAFDV
2026-04-04 19:43:26,997 | INFO | Split sizes | train=21445 val=2680 test=2682
2026-04-04 19:46:55,602 | INFO | step=20 train_loss=0.692901
2026-04-04 19:50:19,433 | INFO | step=40 train_loss=0.692674
2026-04-04 19:53:42,948 | INFO | step=60 train_loss=0.692620
2026-04-04 19:57:06,600 | INFO | step=80 train_loss=0.692351
2026-04-04 20:01:57,169 | INFO | Epoch 1 | lr=1.000e-05 | train_loss=0.692821 | val_loss=0.692462 | val_acc=0.6578 | val_margin=0.0014 | val_kl=0.0206 | train_batches=84 | val_batches=11
2026-04-04 20:05:20,712 | INFO | step=20 train_loss=0.692390
2026-04-04 20:08:44,164 | INFO | step=40 train_loss=0.692213
2026-04-04 20:12:07,650 | INFO | step=60 train_loss=0.691975
2026-04-04 20:15:30,940 | INFO | step=80 train_loss=0.691681
2026-04-04 20:20:21,601 | INFO | Epoch 2 | lr=1.000e-05 | train_loss=0.692117 | val_loss=0.691680 | val_acc=0.7097 | val_margin=0.0030 | val_kl=-0.0501 | train_batches=84 | val_batches=11
2026-04-04 20:23:45,011 | INFO | step=20 train_loss=0.691334
2026-04-04 20:27:08,670 | INFO | step=40 train_loss=0.689660
2026-04-04 20:30:32,311 | INFO | step=60 train_loss=0.685901
2026-04-04 20:33:56,184 | INFO | step=80 train_loss=0.680262
2026-04-04 20:38:47,744 | INFO | Epoch 3 | lr=1.000e-05 | train_loss=0.688118 | val_loss=0.673830 | val_acc=0.7843 | val_margin=0.0399 | val_kl=-2.0937 | train_batches=84 | val_batches=11
2026-04-04 20:42:11,292 | INFO | step=20 train_loss=0.656624
2026-04-04 20:45:35,357 | INFO | step=40 train_loss=0.618624
2026-04-04 20:48:59,260 | INFO | step=60 train_loss=0.606755
2026-04-04 20:52:22,958 | INFO | step=80 train_loss=0.609962
2026-04-04 20:57:14,246 | INFO | Epoch 4 | lr=1.000e-05 | train_loss=0.630340 | val_loss=0.593925 | val_acc=0.7858 | val_margin=0.2482 | val_kl=-6.2745 | train_batches=84 | val_batches=11
2026-04-04 21:00:37,376 | INFO | step=20 train_loss=0.590223
2026-04-04 21:04:00,838 | INFO | step=40 train_loss=0.568153
2026-04-04 21:07:24,240 | INFO | step=60 train_loss=0.570589
2026-04-04 21:10:47,687 | INFO | step=80 train_loss=0.548234
2026-04-04 21:15:36,254 | INFO | Epoch 5 | lr=1.000e-05 | train_loss=0.579815 | val_loss=0.562881 | val_acc=0.7892 | val_margin=0.3406 | val_kl=-7.4926 | train_batches=84 | val_batches=11
2026-04-04 21:18:56,926 | INFO | step=20 train_loss=0.562794
2026-04-04 21:22:15,897 | INFO | step=40 train_loss=0.572694
2026-04-04 21:25:33,736 | INFO | step=60 train_loss=0.542418
2026-04-04 21:28:51,406 | INFO | step=80 train_loss=0.542381
2026-04-04 21:33:34,857 | INFO | Epoch 6 | lr=1.000e-05 | train_loss=0.552938 | val_loss=0.538749 | val_acc=0.8019 | val_margin=0.4105 | val_kl=-8.1488 | train_batches=84 | val_batches=11
2026-04-04 21:36:52,428 | INFO | step=20 train_loss=0.554030
2026-04-04 21:40:10,179 | INFO | step=40 train_loss=0.527308
2026-04-04 21:43:27,914 | INFO | step=60 train_loss=0.540542
2026-04-04 21:46:45,576 | INFO | step=80 train_loss=0.505357
2026-04-04 21:51:29,262 | INFO | Epoch 7 | lr=1.000e-05 | train_loss=0.534976 | val_loss=0.524295 | val_acc=0.8067 | val_margin=0.4567 | val_kl=-8.0938 | train_batches=84 | val_batches=11
2026-04-04 21:54:46,895 | INFO | step=20 train_loss=0.524853
2026-04-04 21:58:04,653 | INFO | step=40 train_loss=0.534545
2026-04-04 22:01:22,371 | INFO | step=60 train_loss=0.521214
2026-04-04 22:04:40,065 | INFO | step=80 train_loss=0.516754
2026-04-04 22:09:22,877 | INFO | Epoch 8 | lr=1.000e-05 | train_loss=0.523458 | val_loss=0.516145 | val_acc=0.8119 | val_margin=0.4836 | val_kl=-8.1666 | train_batches=84 | val_batches=11
2026-04-04 22:12:40,380 | INFO | step=20 train_loss=0.510434
2026-04-04 22:15:58,146 | INFO | step=40 train_loss=0.517449
2026-04-04 22:19:15,630 | INFO | step=60 train_loss=0.495441
2026-04-04 22:22:33,198 | INFO | step=80 train_loss=0.503117
2026-04-04 22:27:16,531 | INFO | Epoch 9 | lr=1.000e-05 | train_loss=0.516984 | val_loss=0.509901 | val_acc=0.8112 | val_margin=0.5050 | val_kl=-8.2720 | train_batches=84 | val_batches=11
2026-04-04 22:30:33,697 | INFO | step=20 train_loss=0.499037
2026-04-04 22:33:51,415 | INFO | step=40 train_loss=0.512690
2026-04-04 22:37:09,113 | INFO | step=60 train_loss=0.513621
2026-04-04 22:40:26,646 | INFO | step=80 train_loss=0.513104
2026-04-04 22:45:11,420 | INFO | Epoch 10 | lr=1.000e-05 | train_loss=0.511945 | val_loss=0.505010 | val_acc=0.8175 | val_margin=0.5220 | val_kl=-8.3022 | train_batches=84 | val_batches=11
2026-04-04 22:48:29,053 | INFO | step=20 train_loss=0.519623
2026-04-04 22:51:46,940 | INFO | step=40 train_loss=0.511579
2026-04-04 22:55:04,788 | INFO | step=60 train_loss=0.501334
2026-04-04 22:58:23,035 | INFO | step=80 train_loss=0.496755
2026-04-04 23:03:06,757 | INFO | Epoch 11 | lr=1.000e-05 | train_loss=0.508031 | val_loss=0.501524 | val_acc=0.8228 | val_margin=0.5350 | val_kl=-8.1182 | train_batches=84 | val_batches=11
2026-04-04 23:06:24,774 | INFO | step=20 train_loss=0.505821
2026-04-04 23:09:43,549 | INFO | step=40 train_loss=0.501041
2026-04-04 23:13:02,913 | INFO | step=60 train_loss=0.528213
2026-04-04 23:16:22,171 | INFO | step=80 train_loss=0.486674
2026-04-04 23:21:08,706 | INFO | Epoch 12 | lr=1.000e-05 | train_loss=0.505247 | val_loss=0.499542 | val_acc=0.8201 | val_margin=0.5417 | val_kl=-8.3048 | train_batches=84 | val_batches=11
2026-04-04 23:24:27,123 | INFO | step=20 train_loss=0.506922
2026-04-04 23:27:45,328 | INFO | step=40 train_loss=0.489992
2026-04-04 23:31:03,792 | INFO | step=60 train_loss=0.472881
2026-04-04 23:34:22,183 | INFO | step=80 train_loss=0.502646
2026-04-04 23:39:05,752 | INFO | Epoch 13 | lr=1.000e-05 | train_loss=0.503077 | val_loss=0.498541 | val_acc=0.8168 | val_margin=0.5471 | val_kl=-8.2948 | train_batches=84 | val_batches=11
2026-04-04 23:42:23,887 | INFO | step=20 train_loss=0.498974
2026-04-04 23:45:42,310 | INFO | step=40 train_loss=0.505697
2026-04-04 23:49:00,488 | INFO | step=60 train_loss=0.509628
2026-04-04 23:52:18,593 | INFO | step=80 train_loss=0.519860
2026-04-04 23:57:02,604 | INFO | Epoch 14 | lr=1.000e-05 | train_loss=0.501650 | val_loss=0.496587 | val_acc=0.8228 | val_margin=0.5527 | val_kl=-8.2378 | train_batches=84 | val_batches=11
2026-04-05 00:00:20,615 | INFO | step=20 train_loss=0.515147
2026-04-05 00:03:38,830 | INFO | step=40 train_loss=0.490743
2026-04-05 00:06:57,113 | INFO | step=60 train_loss=0.498033
2026-04-05 00:10:15,266 | INFO | step=80 train_loss=0.525518
2026-04-05 00:14:59,415 | INFO | Epoch 15 | lr=1.000e-05 | train_loss=0.500416 | val_loss=0.495763 | val_acc=0.8257 | val_margin=0.5558 | val_kl=-8.2714 | train_batches=84 | val_batches=11
2026-04-05 00:18:17,367 | INFO | step=20 train_loss=0.490005
2026-04-05 00:21:35,538 | INFO | step=40 train_loss=0.509081
2026-04-05 00:24:53,584 | INFO | step=60 train_loss=0.487754
2026-04-05 00:28:11,934 | INFO | step=80 train_loss=0.494669
2026-04-05 00:32:55,895 | INFO | Epoch 16 | lr=1.000e-05 | train_loss=0.499884 | val_loss=0.494491 | val_acc=0.8276 | val_margin=0.5594 | val_kl=-8.2391 | train_batches=84 | val_batches=11
2026-04-05 00:36:14,832 | INFO | step=20 train_loss=0.479755
2026-04-05 00:39:34,269 | INFO | step=40 train_loss=0.501236
2026-04-05 00:42:53,412 | INFO | step=60 train_loss=0.491557
2026-04-05 00:46:12,898 | INFO | step=80 train_loss=0.495402
2026-04-05 00:50:57,107 | INFO | Epoch 17 | lr=1.000e-05 | train_loss=0.498603 | val_loss=0.494021 | val_acc=0.8243 | val_margin=0.5617 | val_kl=-8.3890 | train_batches=84 | val_batches=11
2026-04-05 00:54:16,116 | INFO | step=20 train_loss=0.498275
2026-04-05 00:57:35,266 | INFO | step=40 train_loss=0.479147
2026-04-05 01:00:54,286 | INFO | step=60 train_loss=0.486675
2026-04-05 01:04:13,310 | INFO | step=80 train_loss=0.489463
2026-04-05 01:08:58,073 | INFO | Epoch 18 | lr=1.000e-05 | train_loss=0.498167 | val_loss=0.493575 | val_acc=0.8254 | val_margin=0.5631 | val_kl=-8.3435 | train_batches=84 | val_batches=11
2026-04-05 01:12:17,136 | INFO | step=20 train_loss=0.502078
2026-04-05 01:15:36,471 | INFO | step=40 train_loss=0.488459
2026-04-05 01:18:55,987 | INFO | step=60 train_loss=0.491504
2026-04-05 01:22:15,325 | INFO | step=80 train_loss=0.499757
2026-04-05 01:26:59,710 | INFO | Epoch 19 | lr=1.000e-05 | train_loss=0.497821 | val_loss=0.493584 | val_acc=0.8265 | val_margin=0.5635 | val_kl=-8.3424 | train_batches=84 | val_batches=11
2026-04-05 01:30:18,634 | INFO | step=20 train_loss=0.483585
2026-04-05 01:33:37,823 | INFO | step=40 train_loss=0.484742
2026-04-05 01:36:56,920 | INFO | step=60 train_loss=0.490939
2026-04-05 01:40:16,008 | INFO | step=80 train_loss=0.489366
2026-04-05 01:45:00,141 | INFO | Epoch 20 | lr=1.000e-05 | train_loss=0.497346 | val_loss=0.493075 | val_acc=0.8216 | val_margin=0.5651 | val_kl=-8.3153 | train_batches=84 | val_batches=11
2026-04-05 01:48:19,218 | INFO | step=20 train_loss=0.500371
2026-04-05 01:51:38,817 | INFO | step=40 train_loss=0.493890
2026-04-05 01:54:57,939 | INFO | step=60 train_loss=0.469166
2026-04-05 01:58:16,909 | INFO | step=80 train_loss=0.487935
2026-04-05 02:03:00,596 | INFO | Epoch 21 | lr=1.000e-05 | train_loss=0.497202 | val_loss=0.492529 | val_acc=0.8261 | val_margin=0.5662 | val_kl=-8.3195 | train_batches=84 | val_batches=11
2026-04-05 02:06:19,590 | INFO | step=20 train_loss=0.487267
2026-04-05 02:09:38,693 | INFO | step=40 train_loss=0.508223
2026-04-05 02:12:58,106 | INFO | step=60 train_loss=0.503231
2026-04-05 02:16:17,529 | INFO | step=80 train_loss=0.508671
2026-04-05 02:21:01,864 | INFO | Epoch 22 | lr=1.000e-05 | train_loss=0.496858 | val_loss=0.492979 | val_acc=0.8287 | val_margin=0.5658 | val_kl=-8.3733 | train_batches=84 | val_batches=11
2026-04-05 02:24:20,815 | INFO | step=20 train_loss=0.502552
2026-04-05 02:27:39,993 | INFO | step=40 train_loss=0.505843
2026-04-05 02:30:59,376 | INFO | step=60 train_loss=0.485532
2026-04-05 02:34:18,874 | INFO | step=80 train_loss=0.491252
2026-04-05 02:39:02,520 | INFO | Epoch 23 | lr=1.000e-05 | train_loss=0.496446 | val_loss=0.491951 | val_acc=0.8254 | val_margin=0.5688 | val_kl=-8.4195 | train_batches=84 | val_batches=11
2026-04-05 02:42:21,477 | INFO | step=20 train_loss=0.487016
2026-04-05 02:45:40,613 | INFO | step=40 train_loss=0.505955
2026-04-05 02:48:59,931 | INFO | step=60 train_loss=0.510323
2026-04-05 02:52:19,036 | INFO | step=80 train_loss=0.475918
2026-04-05 02:57:03,953 | INFO | Epoch 24 | lr=1.000e-05 | train_loss=0.495722 | val_loss=0.492176 | val_acc=0.8209 | val_margin=0.5681 | val_kl=-8.3735 | train_batches=84 | val_batches=11
2026-04-05 03:00:22,791 | INFO | step=20 train_loss=0.473148
2026-04-05 03:03:41,948 | INFO | step=40 train_loss=0.495304
2026-04-05 03:07:01,176 | INFO | step=60 train_loss=0.495930
2026-04-05 03:10:20,323 | INFO | step=80 train_loss=0.492719
2026-04-05 03:15:04,936 | INFO | Epoch 25 | lr=1.000e-05 | train_loss=0.495727 | val_loss=0.492082 | val_acc=0.8265 | val_margin=0.5686 | val_kl=-8.3874 | train_batches=84 | val_batches=11
2026-04-05 03:15:05,187 | INFO | Loaded best checkpoint for final test evaluation: /cluster/home/gguidarini/protein-design/outputs/2026-04-04/19-43-21/checkpoints/best.pt
2026-04-05 03:19:11,584 | INFO | Test metrics | loss=0.493206 | reward_acc=0.8225 | reward_margin=0.5769 | implicit_kl=-8.2756 | batches=11 | skipped=0
2026-04-05 03:19:11,585 | INFO | Computing perplexity on test set (chosen sequences)...
2026-04-05 03:19:18,771 | INFO | Test Chosen Perplexity: 34.8169
2026-04-05 03:19:18,987 | INFO | Saved history to /cluster/home/gguidarini/protein-design/outputs/2026-04-04/19-43-21/history.csv
2026-04-05 03:19:18,987 | INFO | Saved summary to /cluster/home/gguidarini/protein-design/outputs/2026-04-04/19-43-21/summary.json
wandb: uploading output.log; uploading wandb-summary.json; uploading config.yaml
wandb: uploading output.log; uploading wandb-summary.json
wandb: uploading history steps 124-124, summary, console lines 143-145
wandb: 
wandb: Run history:
wandb:                 epoch ▁▁▂▂▂▂▂▃▃▃▃▃▃▄▄▄▅▅▅▅▅▅▅▅▅▆▆▆▆▇▇▇▇▇▇▇████
wandb:                    lr ▁▁▁▁▁▁▁▁▁▁▁▁▁▁▁▁▁▁▁▁▁▁▁▁▁
wandb:                  step ▁▁▁▁▂▂▂▂▂▂▃▃▃▃▃▃▃▄▄▄▄▄▄▅▅▅▆▆▆▆▆▇▇▇▇▇████
wandb:    test/best_val_loss ▁
wandb:   test/num_test_pairs ▁
wandb:  test/num_train_pairs ▁
wandb:    test/num_val_pairs ▁
wandb:     test/test_batches ▁
wandb: test/test_implicit_kl ▁
wandb:        test/test_loss ▁
wandb:                   +20 ...
wandb: 
wandb: Run summary:
wandb:        best_val_loss 0.49195
wandb:                epoch 25
wandb:                   lr 1e-05
wandb:       num_test_pairs 2682
wandb:      num_train_pairs 21445
wandb:        num_val_pairs 2680
wandb:                 step 2096
wandb:   test/best_val_loss 0.49195
wandb:  test/num_test_pairs 2682
wandb: test/num_train_pairs 21445
wandb:                  +32 ...
wandb: 
wandb: 🚀 View run colorful-grass-4 at: https://wandb.ai/gguidarini-eth-zurich/flu/runs/jke0q5bj
wandb: ⭐️ View project at: https://wandb.ai/gguidarini-eth-zurich/flu
wandb: Synced 5 W&B file(s), 0 media file(s), 0 artifact file(s) and 0 other file(s)
wandb: Find logs at: ./outputs/2026-04-04/19-43-21/wandb/run-20260404_194323-jke0q5bj/logs
