WARNING: Could not load optional Python module: python/3.11.6
Continuing without explicit python module; conda env Python will be used.
Many modules are hidden in this stack. Use "module --show_hidden spider SOFTWARE" if you are not able to find the required software
DPO environment loaded for user: gguidarini
DPO output dir: /cluster/scratch/gguidarini/outputs
DPO best-model export dir: /cluster/home/gguidarini/protein-design/outputs/2026-04-08/09-29-38/dpo_best_models
DPO last-model export dir: /cluster/home/gguidarini/protein-design/outputs/2026-04-08/09-29-38/dpo_last_models
W&B dir: /cluster/scratch/gguidarini/dpo_outputs/2026-04-08/09-29-38/wandb
PYTORCH_CUDA_ALLOC_CONF: expandable_segments:True
Running on host: eu-g6-069
/cluster/project/infk/krause/gguidarini/miniconda3/envs/flu/bin/python
Wed Apr  8 09:30:05 2026       
+-----------------------------------------------------------------------------------------+
| NVIDIA-SMI 580.126.20             Driver Version: 580.126.20     CUDA Version: 13.0     |
+-----------------------------------------+------------------------+----------------------+
| GPU  Name                 Persistence-M | Bus-Id          Disp.A | Volatile Uncorr. ECC |
| Fan  Temp   Perf          Pwr:Usage/Cap |           Memory-Usage | GPU-Util  Compute M. |
|                                         |                        |               MIG M. |
|=========================================+========================+======================|
|   0  NVIDIA GeForce RTX 4090        On  |   00000000:E1:00.0 Off |                  Off |
| 39%   41C    P8             19W /  450W |       1MiB /  24564MiB |      0%      Default |
|                                         |                        |                  N/A |
+-----------------------------------------+------------------------+----------------------+

+-----------------------------------------------------------------------------------------+
| Processes:                                                                              |
|  GPU   GI   CI              PID   Type   Process name                        GPU Memory |
|        ID   ID                                                               Usage      |
|=========================================================================================|
|  No running processes found                                                             |
+-----------------------------------------------------------------------------------------+
2026-04-08 09:30:13,284 | INFO | Starting DPO training run
2026-04-08 09:30:13,288 | INFO | Saved resolved config to /cluster/scratch/gguidarini/outputs/2026-04-08/09-30-13/resolved_config.yaml
wandb: [wandb.login()] Loaded credentials for https://api.wandb.ai from /cluster/home/gguidarini/.netrc.
wandb: Currently logged in as: gguidarini (gguidarini-eth-zurich) to https://api.wandb.ai. Use `wandb login --relogin` to force relogin
wandb: setting up run f4ri4vru
wandb: Tracking run with wandb version 0.25.1
wandb: Run data is saved locally in /cluster/scratch/gguidarini/outputs/2026-04-08/09-30-13/wandb/run-20260408_093015-f4ri4vru
wandb: Run `wandb offline` to turn off syncing.
wandb: Syncing run jolly-universe-13
wandb: ⭐️ View project at https://wandb.ai/gguidarini-eth-zurich/flu
wandb: 🚀 View run at https://wandb.ai/gguidarini-eth-zurich/flu/runs/f4ri4vru
2026-04-08 09:30:19,473 | INFO | Pair stats | n=22349 | margin mean=16.3477 median=16.9726 min=5.0089 max=22.5497
2026-04-08 09:30:19,480 | INFO | Pairs per view: mut2:11289, mut1:11060
2026-04-08 09:30:19,485 | INFO | Top margin examples:
2026-04-08 09:30:19,486 | INFO |   view=mut1 cluster=418 margin=22.5497 chosen=HRSMQQVRSAGWERADLVGDAFDV rejected=HRSMQQVVSAGVERADLVGDAFDV
2026-04-08 09:30:19,486 | INFO |   view=mut2 cluster=389 margin=22.3773 chosen=HMSMQQVVGVGWERADLVGDAFDV rejected=HMSMQQRVSVGWERADLVGDAFDV
2026-04-08 09:30:19,486 | INFO |   view=mut2 cluster=313 margin=22.3260 chosen=HMSMQQVRSAGWERASLVGDAFDV rejected=HMSMQQVVSAGLERASLVGDAFDV
2026-04-08 09:30:19,487 | INFO |   view=mut2 cluster=307 margin=22.2503 chosen=HMSMQQVVGAGWERALLVGDAFDV rejected=HMSMQQVVSAGTERALLVGDAFDV
2026-04-08 09:30:19,487 | INFO |   view=mut2 cluster=331 margin=22.2321 chosen=HMSMQQVVDAGWERRDLVGDAFDV rejected=HMSMQQVVSAGRERRDLVGDAFDV
2026-04-08 09:30:19,487 | INFO | Bottom margin examples:
2026-04-08 09:30:19,488 | INFO |   view=mut1 cluster=96 margin=5.0089 chosen=HMSMQQVPSAGWERAYLVGDAFDV rejected=HMSMQQVPSAGWEKADLVGDAFDV
2026-04-08 09:30:19,488 | INFO |   view=mut2 cluster=87 margin=5.0211 chosen=HMSMQLVPSAGWERADLVGDAFDV rejected=HMSMSQVPSAGWERADLVGDAFDV
2026-04-08 09:30:19,488 | INFO |   view=mut1 cluster=418 margin=5.0321 chosen=HRSMQQVVSAGWERAILVGDAFDV rejected=HRSMQQVVFAGWERADLVGDAFDV
2026-04-08 09:30:19,489 | INFO |   view=mut1 cluster=96 margin=5.0321 chosen=HMSMQQVPSAGWTRADLVGDAFDV rejected=HMSMQQVPSAGWERADLTGDAFDV
2026-04-08 09:30:19,489 | INFO |   view=mut1 cluster=418 margin=5.0398 chosen=HRSAQQVVSAGWERADLVGDAFDV rejected=HRSMQQVVSAIWERADLVGDAFDV
2026-04-08 09:30:19,491 | INFO | Split sizes | train=17879 val=2234 test=2236
2026-04-08 09:32:17,572 | INFO | step=20 train_loss=0.691627
2026-04-08 09:34:08,658 | INFO | step=40 train_loss=0.690258
2026-04-08 09:35:59,779 | INFO | step=60 train_loss=0.685641
2026-04-08 09:37:50,868 | INFO | step=80 train_loss=0.682761
2026-04-08 09:39:41,869 | INFO | step=100 train_loss=0.673419
2026-04-08 09:41:33,059 | INFO | step=120 train_loss=0.657447
2026-04-08 09:43:24,181 | INFO | step=140 train_loss=0.644796
2026-04-08 09:45:15,191 | INFO | step=160 train_loss=0.626238
2026-04-08 09:47:06,243 | INFO | step=180 train_loss=0.631175
2026-04-08 09:48:57,463 | INFO | step=200 train_loss=0.583563
2026-04-08 09:50:48,682 | INFO | step=220 train_loss=0.564720
2026-04-08 09:52:39,568 | INFO | step=240 train_loss=0.545337
2026-04-08 09:54:30,781 | INFO | step=260 train_loss=0.528602
2026-04-08 09:56:21,682 | INFO | step=280 train_loss=0.523790
2026-04-08 09:58:12,657 | INFO | step=300 train_loss=0.505426
2026-04-08 10:00:03,652 | INFO | step=320 train_loss=0.531982
2026-04-08 10:01:54,668 | INFO | step=340 train_loss=0.535652
2026-04-08 10:03:45,688 | INFO | step=360 train_loss=0.537844
2026-04-08 10:05:36,618 | INFO | step=380 train_loss=0.539414
2026-04-08 10:07:27,633 | INFO | step=400 train_loss=0.514950
2026-04-08 10:09:18,691 | INFO | step=420 train_loss=0.538522
2026-04-08 10:11:09,628 | INFO | step=440 train_loss=0.460300
2026-04-08 10:13:00,732 | INFO | step=460 train_loss=0.528684
2026-04-08 10:14:51,851 | INFO | step=480 train_loss=0.544904
2026-04-08 10:16:42,866 | INFO | step=500 train_loss=0.490939
2026-04-08 10:18:33,667 | INFO | step=520 train_loss=0.506611
2026-04-08 10:20:24,617 | INFO | step=540 train_loss=0.490481
2026-04-08 10:43:19,078 | INFO | Epoch 1 | lr=1.000e-05 | train_loss=0.571557 | val_loss=0.496284 | val_acc=0.9360 | val_margin=0.4680 | val_kl=-43.8109 | val_ppl=108.1919 | train_batches=559 | val_batches=70
2026-04-08 10:43:21,374 | INFO | Exported best checkpoint to /cluster/home/gguidarini/protein-design/outputs/2026-04-08/09-29-38/dpo_best_models/best.pt
2026-04-08 10:43:23,504 | INFO | Exported last checkpoint to /cluster/home/gguidarini/protein-design/outputs/2026-04-08/09-29-38/dpo_last_models/last.pt
2026-04-08 10:45:14,276 | INFO | step=20 train_loss=0.481174
2026-04-08 10:47:05,334 | INFO | step=40 train_loss=0.497781
2026-04-08 10:48:56,460 | INFO | step=60 train_loss=0.522690
2026-04-08 10:50:47,352 | INFO | step=80 train_loss=0.505087
2026-04-08 10:52:38,426 | INFO | step=100 train_loss=0.483599
2026-04-08 10:54:29,577 | INFO | step=120 train_loss=0.460688
2026-04-08 10:56:20,554 | INFO | step=140 train_loss=0.473200
2026-04-08 10:58:11,525 | INFO | step=160 train_loss=0.450165
2026-04-08 11:00:02,417 | INFO | step=180 train_loss=0.443738
2026-04-08 11:01:53,417 | INFO | step=200 train_loss=0.482671
2026-04-08 11:03:44,301 | INFO | step=220 train_loss=0.488655
2026-04-08 11:05:35,153 | INFO | step=240 train_loss=0.478618
2026-04-08 11:07:26,156 | INFO | step=260 train_loss=0.449228
2026-04-08 11:09:17,116 | INFO | step=280 train_loss=0.469747
2026-04-08 11:11:08,036 | INFO | step=300 train_loss=0.448423
2026-04-08 11:12:59,151 | INFO | step=320 train_loss=0.476150
2026-04-08 11:14:50,076 | INFO | step=340 train_loss=0.458447
2026-04-08 11:16:40,861 | INFO | step=360 train_loss=0.481683
2026-04-08 11:18:31,775 | INFO | step=380 train_loss=0.478595
2026-04-08 11:20:22,855 | INFO | step=400 train_loss=0.451967
2026-04-08 11:22:13,974 | INFO | step=420 train_loss=0.472303
2026-04-08 11:24:04,847 | INFO | step=440 train_loss=0.476961
2026-04-08 11:25:55,813 | INFO | step=460 train_loss=0.443913
2026-04-08 11:27:46,762 | INFO | step=480 train_loss=0.493487
2026-04-08 11:29:37,580 | INFO | step=500 train_loss=0.496214
2026-04-08 11:31:28,524 | INFO | step=520 train_loss=0.485762
2026-04-08 11:33:19,451 | INFO | step=540 train_loss=0.496032
2026-04-08 11:56:14,688 | INFO | Epoch 2 | lr=1.000e-05 | train_loss=0.472752 | val_loss=0.463065 | val_acc=0.9552 | val_margin=0.5570 | val_kl=-43.7184 | val_ppl=99.9472 | train_batches=559 | val_batches=70
2026-04-08 11:56:16,913 | INFO | Exported best checkpoint to /cluster/home/gguidarini/protein-design/outputs/2026-04-08/09-29-38/dpo_best_models/best.pt
2026-04-08 11:56:19,175 | INFO | Exported last checkpoint to /cluster/home/gguidarini/protein-design/outputs/2026-04-08/09-29-38/dpo_last_models/last.pt
2026-04-08 11:58:10,080 | INFO | step=20 train_loss=0.443346
2026-04-08 12:00:01,240 | INFO | step=40 train_loss=0.449560
2026-04-08 12:01:52,123 | INFO | step=60 train_loss=0.456469
2026-04-08 12:03:43,193 | INFO | step=80 train_loss=0.427282
2026-04-08 12:05:34,262 | INFO | step=100 train_loss=0.521164
2026-04-08 12:07:25,178 | INFO | step=120 train_loss=0.458777
2026-04-08 12:09:16,300 | INFO | step=140 train_loss=0.475513
2026-04-08 12:11:07,527 | INFO | step=160 train_loss=0.475226
2026-04-08 12:12:58,568 | INFO | step=180 train_loss=0.447618
2026-04-08 12:14:49,505 | INFO | step=200 train_loss=0.481107
2026-04-08 12:16:40,496 | INFO | step=220 train_loss=0.456373
2026-04-08 12:18:31,320 | INFO | step=240 train_loss=0.453804
2026-04-08 12:20:22,020 | INFO | step=260 train_loss=0.452221
2026-04-08 12:22:12,742 | INFO | step=280 train_loss=0.458051
2026-04-08 12:24:03,525 | INFO | step=300 train_loss=0.467218
2026-04-08 12:25:54,155 | INFO | step=320 train_loss=0.451016
2026-04-08 12:27:44,780 | INFO | step=340 train_loss=0.460131
2026-04-08 12:29:35,641 | INFO | step=360 train_loss=0.469928
2026-04-08 12:31:26,489 | INFO | step=380 train_loss=0.407304
2026-04-08 12:33:16,790 | INFO | step=400 train_loss=0.441494
2026-04-08 12:35:06,758 | INFO | step=420 train_loss=0.460944
2026-04-08 12:36:56,312 | INFO | step=440 train_loss=0.454149
2026-04-08 12:38:45,941 | INFO | step=460 train_loss=0.471260
2026-04-08 12:40:35,333 | INFO | step=480 train_loss=0.429103
2026-04-08 12:42:24,364 | INFO | step=500 train_loss=0.425626
2026-04-08 12:44:12,643 | INFO | step=520 train_loss=0.451073
2026-04-08 12:46:00,839 | INFO | step=540 train_loss=0.414418
2026-04-08 13:08:29,718 | INFO | Epoch 3 | lr=1.000e-05 | train_loss=0.455109 | val_loss=0.454471 | val_acc=0.9588 | val_margin=0.5814 | val_kl=-44.7163 | val_ppl=102.4934 | train_batches=559 | val_batches=70
2026-04-08 13:08:32,120 | INFO | Exported best checkpoint to /cluster/home/gguidarini/protein-design/outputs/2026-04-08/09-29-38/dpo_best_models/best.pt
2026-04-08 13:08:34,501 | INFO | Exported last checkpoint to /cluster/home/gguidarini/protein-design/outputs/2026-04-08/09-29-38/dpo_last_models/last.pt
2026-04-08 13:10:22,769 | INFO | step=20 train_loss=0.449042
2026-04-08 13:12:11,172 | INFO | step=40 train_loss=0.461478
2026-04-08 13:13:59,654 | INFO | step=60 train_loss=0.447457
2026-04-08 13:15:48,155 | INFO | step=80 train_loss=0.476043
2026-04-08 13:17:36,364 | INFO | step=100 train_loss=0.444377
2026-04-08 13:19:24,673 | INFO | step=120 train_loss=0.450830
2026-04-08 13:21:12,978 | INFO | step=140 train_loss=0.430340
2026-04-08 13:23:01,306 | INFO | step=160 train_loss=0.466874
2026-04-08 13:24:49,683 | INFO | step=180 train_loss=0.450248
2026-04-08 13:26:38,136 | INFO | step=200 train_loss=0.459218
2026-04-08 13:28:26,700 | INFO | step=220 train_loss=0.430465
2026-04-08 13:30:15,039 | INFO | step=240 train_loss=0.416994
2026-04-08 13:32:03,535 | INFO | step=260 train_loss=0.465797
2026-04-08 13:33:52,002 | INFO | step=280 train_loss=0.439301
2026-04-08 13:35:40,488 | INFO | step=300 train_loss=0.448288
2026-04-08 13:37:28,858 | INFO | step=320 train_loss=0.444830
2026-04-08 13:39:17,427 | INFO | step=340 train_loss=0.445695
2026-04-08 13:41:06,079 | INFO | step=360 train_loss=0.422627
2026-04-08 13:42:54,590 | INFO | step=380 train_loss=0.484516
2026-04-08 13:44:43,003 | INFO | step=400 train_loss=0.432341
2026-04-08 13:46:31,485 | INFO | step=420 train_loss=0.448303
2026-04-08 13:48:19,991 | INFO | step=440 train_loss=0.472782
2026-04-08 13:50:08,412 | INFO | step=460 train_loss=0.469131
2026-04-08 13:51:56,920 | INFO | step=480 train_loss=0.461229
2026-04-08 13:53:45,441 | INFO | step=500 train_loss=0.419008
2026-04-08 13:55:33,733 | INFO | step=520 train_loss=0.455630
2026-04-08 13:57:22,218 | INFO | step=540 train_loss=0.449978
2026-04-08 14:19:56,432 | INFO | Epoch 4 | lr=1.000e-05 | train_loss=0.449795 | val_loss=0.450806 | val_acc=0.9606 | val_margin=0.5919 | val_kl=-45.2237 | val_ppl=103.9585 | train_batches=559 | val_batches=70
2026-04-08 14:19:58,774 | INFO | Exported best checkpoint to /cluster/home/gguidarini/protein-design/outputs/2026-04-08/09-29-38/dpo_best_models/best.pt
2026-04-08 14:20:00,945 | INFO | Exported last checkpoint to /cluster/home/gguidarini/protein-design/outputs/2026-04-08/09-29-38/dpo_last_models/last.pt
2026-04-08 14:21:50,387 | INFO | step=20 train_loss=0.469403
2026-04-08 14:23:40,122 | INFO | step=40 train_loss=0.422146
2026-04-08 14:25:29,650 | INFO | step=60 train_loss=0.426661
2026-04-08 14:27:19,161 | INFO | step=80 train_loss=0.419791
2026-04-08 14:29:08,816 | INFO | step=100 train_loss=0.460643
2026-04-08 14:30:58,249 | INFO | step=120 train_loss=0.417888
2026-04-08 14:32:47,464 | INFO | step=140 train_loss=0.450321
2026-04-08 14:34:37,006 | INFO | step=160 train_loss=0.505826
2026-04-08 14:36:26,592 | INFO | step=180 train_loss=0.456564
2026-04-08 14:38:16,060 | INFO | step=200 train_loss=0.445903
2026-04-08 14:40:05,480 | INFO | step=220 train_loss=0.436300
2026-04-08 14:41:55,015 | INFO | step=240 train_loss=0.456548
2026-04-08 14:43:44,562 | INFO | step=260 train_loss=0.443901
2026-04-08 14:45:34,061 | INFO | step=280 train_loss=0.466083
2026-04-08 14:47:23,528 | INFO | step=300 train_loss=0.415136
2026-04-08 14:49:13,038 | INFO | step=320 train_loss=0.470075
2026-04-08 14:51:02,577 | INFO | step=340 train_loss=0.456554
2026-04-08 14:52:52,088 | INFO | step=360 train_loss=0.464510
2026-04-08 14:54:41,691 | INFO | step=380 train_loss=0.458125
2026-04-08 14:56:31,164 | INFO | step=400 train_loss=0.435966
2026-04-08 14:58:20,711 | INFO | step=420 train_loss=0.457756
2026-04-08 15:00:10,293 | INFO | step=440 train_loss=0.435325
2026-04-08 15:01:59,951 | INFO | step=460 train_loss=0.453666
2026-04-08 15:03:49,699 | INFO | step=480 train_loss=0.457582
2026-04-08 15:05:39,349 | INFO | step=500 train_loss=0.446495
2026-04-08 15:07:29,084 | INFO | step=520 train_loss=0.432051
2026-04-08 15:09:18,867 | INFO | step=540 train_loss=0.473529
2026-04-08 15:31:58,430 | INFO | Epoch 5 | lr=1.000e-05 | train_loss=0.447406 | val_loss=0.449094 | val_acc=0.9606 | val_margin=0.5969 | val_kl=-45.7793 | val_ppl=105.9576 | train_batches=559 | val_batches=70
2026-04-08 15:32:00,830 | INFO | Exported best checkpoint to /cluster/home/gguidarini/protein-design/outputs/2026-04-08/09-29-38/dpo_best_models/best.pt
2026-04-08 15:32:03,167 | INFO | Exported last checkpoint to /cluster/home/gguidarini/protein-design/outputs/2026-04-08/09-29-38/dpo_last_models/last.pt
2026-04-08 15:33:52,678 | INFO | step=20 train_loss=0.461211
2026-04-08 15:35:42,412 | INFO | step=40 train_loss=0.413403
2026-04-08 15:37:32,052 | INFO | step=60 train_loss=0.429708
2026-04-08 15:39:21,490 | INFO | step=80 train_loss=0.432371
2026-04-08 15:41:11,116 | INFO | step=100 train_loss=0.451403
2026-04-08 15:43:00,635 | INFO | step=120 train_loss=0.458255
2026-04-08 15:44:50,266 | INFO | step=140 train_loss=0.408924
2026-04-08 15:46:39,920 | INFO | step=160 train_loss=0.440809
2026-04-08 15:48:29,620 | INFO | step=180 train_loss=0.418260
2026-04-08 15:50:19,296 | INFO | step=200 train_loss=0.457119
2026-04-08 15:52:09,083 | INFO | step=220 train_loss=0.455478
2026-04-08 15:53:58,867 | INFO | step=240 train_loss=0.435758
2026-04-08 15:55:48,508 | INFO | step=260 train_loss=0.427699
2026-04-08 15:57:37,986 | INFO | step=280 train_loss=0.472649
2026-04-08 15:59:27,545 | INFO | step=300 train_loss=0.444779
2026-04-08 16:01:17,300 | INFO | step=320 train_loss=0.410570
2026-04-08 16:03:06,843 | INFO | step=340 train_loss=0.474972
2026-04-08 16:04:56,427 | INFO | step=360 train_loss=0.427822
2026-04-08 16:06:46,033 | INFO | step=380 train_loss=0.485860
2026-04-08 16:08:35,728 | INFO | step=400 train_loss=0.441883
2026-04-08 16:10:25,434 | INFO | step=420 train_loss=0.450772
2026-04-08 16:12:15,153 | INFO | step=440 train_loss=0.456931
2026-04-08 16:14:04,910 | INFO | step=460 train_loss=0.442756
2026-04-08 16:15:54,628 | INFO | step=480 train_loss=0.463887
2026-04-08 16:17:44,393 | INFO | step=500 train_loss=0.448982
2026-04-08 16:19:34,113 | INFO | step=520 train_loss=0.443685
2026-04-08 16:21:23,730 | INFO | step=540 train_loss=0.463423
2026-04-08 16:43:59,000 | INFO | Epoch 6 | lr=1.000e-05 | train_loss=0.446196 | val_loss=0.448231 | val_acc=0.9602 | val_margin=0.5994 | val_kl=-46.0405 | val_ppl=106.8627 | train_batches=559 | val_batches=70
2026-04-08 16:44:01,341 | INFO | Exported best checkpoint to /cluster/home/gguidarini/protein-design/outputs/2026-04-08/09-29-38/dpo_best_models/best.pt
2026-04-08 16:44:03,741 | INFO | Exported last checkpoint to /cluster/home/gguidarini/protein-design/outputs/2026-04-08/09-29-38/dpo_last_models/last.pt
2026-04-08 16:45:53,123 | INFO | step=20 train_loss=0.471153
2026-04-08 16:47:42,473 | INFO | step=40 train_loss=0.430313
2026-04-08 16:49:32,000 | INFO | step=60 train_loss=0.448594
2026-04-08 16:51:21,430 | INFO | step=80 train_loss=0.494945
2026-04-08 16:53:10,777 | INFO | step=100 train_loss=0.481132
2026-04-08 16:55:00,343 | INFO | step=120 train_loss=0.412845
2026-04-08 16:56:49,899 | INFO | step=140 train_loss=0.423603
2026-04-08 16:58:39,344 | INFO | step=160 train_loss=0.394890
2026-04-08 17:00:28,605 | INFO | step=180 train_loss=0.449356
2026-04-08 17:02:18,053 | INFO | step=200 train_loss=0.422252
2026-04-08 17:04:07,557 | INFO | step=220 train_loss=0.450854
2026-04-08 17:05:57,008 | INFO | step=240 train_loss=0.456000
2026-04-08 17:07:46,480 | INFO | step=260 train_loss=0.439767
2026-04-08 17:09:35,916 | INFO | step=280 train_loss=0.426024
2026-04-08 17:11:25,427 | INFO | step=300 train_loss=0.423121
2026-04-08 17:13:14,787 | INFO | step=320 train_loss=0.463626
2026-04-08 17:15:04,241 | INFO | step=340 train_loss=0.438435
2026-04-08 17:16:53,702 | INFO | step=360 train_loss=0.437219
2026-04-08 17:18:43,103 | INFO | step=380 train_loss=0.423853
2026-04-08 17:20:32,499 | INFO | step=400 train_loss=0.440984
2026-04-08 17:22:21,784 | INFO | step=420 train_loss=0.443224
2026-04-08 17:24:11,080 | INFO | step=440 train_loss=0.429278
2026-04-08 17:26:00,456 | INFO | step=460 train_loss=0.447772
2026-04-08 17:27:49,860 | INFO | step=480 train_loss=0.425000
2026-04-08 17:29:39,184 | INFO | step=500 train_loss=0.453070
2026-04-08 17:31:28,506 | INFO | step=520 train_loss=0.441634
2026-04-08 17:33:18,034 | INFO | step=540 train_loss=0.426502
2026-04-08 17:55:57,718 | INFO | Epoch 7 | lr=1.000e-05 | train_loss=0.445460 | val_loss=0.447546 | val_acc=0.9620 | val_margin=0.6015 | val_kl=-46.1614 | val_ppl=107.1794 | train_batches=559 | val_batches=70
2026-04-08 17:56:00,417 | INFO | Exported best checkpoint to /cluster/home/gguidarini/protein-design/outputs/2026-04-08/09-29-38/dpo_best_models/best.pt
2026-04-08 17:56:02,990 | INFO | Exported last checkpoint to /cluster/home/gguidarini/protein-design/outputs/2026-04-08/09-29-38/dpo_last_models/last.pt
2026-04-08 17:57:52,488 | INFO | step=20 train_loss=0.451778
2026-04-08 17:59:42,140 | INFO | step=40 train_loss=0.432148
2026-04-08 18:01:31,761 | INFO | step=60 train_loss=0.493251
2026-04-08 18:03:21,446 | INFO | step=80 train_loss=0.411213
2026-04-08 18:05:10,863 | INFO | step=100 train_loss=0.445513
2026-04-08 18:07:00,315 | INFO | step=120 train_loss=0.468590
2026-04-08 18:08:49,859 | INFO | step=140 train_loss=0.488220
2026-04-08 18:10:39,283 | INFO | step=160 train_loss=0.454791
2026-04-08 18:12:28,843 | INFO | step=180 train_loss=0.452959
2026-04-08 18:14:18,427 | INFO | step=200 train_loss=0.456215
2026-04-08 18:16:08,042 | INFO | step=220 train_loss=0.465494
2026-04-08 18:17:57,570 | INFO | step=240 train_loss=0.463019
2026-04-08 18:19:47,207 | INFO | step=260 train_loss=0.411068
2026-04-08 18:21:36,957 | INFO | step=280 train_loss=0.503482
2026-04-08 18:23:26,499 | INFO | step=300 train_loss=0.478317
2026-04-08 18:25:16,127 | INFO | step=320 train_loss=0.462792
2026-04-08 18:27:05,637 | INFO | step=340 train_loss=0.454824
2026-04-08 18:28:55,179 | INFO | step=360 train_loss=0.407540
2026-04-08 18:30:44,693 | INFO | step=380 train_loss=0.446562
2026-04-08 18:32:34,359 | INFO | step=400 train_loss=0.433992
2026-04-08 18:34:23,933 | INFO | step=420 train_loss=0.458487
2026-04-08 18:36:13,340 | INFO | step=440 train_loss=0.468819
2026-04-08 18:38:02,872 | INFO | step=460 train_loss=0.459817
2026-04-08 18:39:52,492 | INFO | step=480 train_loss=0.440288
2026-04-08 18:41:42,071 | INFO | step=500 train_loss=0.440098
2026-04-08 18:43:31,655 | INFO | step=520 train_loss=0.419146
2026-04-08 18:45:21,379 | INFO | step=540 train_loss=0.440176
2026-04-08 19:07:59,919 | INFO | Epoch 8 | lr=1.000e-05 | train_loss=0.444953 | val_loss=0.447261 | val_acc=0.9606 | val_margin=0.6023 | val_kl=-46.2719 | val_ppl=107.6475 | train_batches=559 | val_batches=70
2026-04-08 19:08:02,376 | INFO | Exported best checkpoint to /cluster/home/gguidarini/protein-design/outputs/2026-04-08/09-29-38/dpo_best_models/best.pt
2026-04-08 19:08:04,596 | INFO | Exported last checkpoint to /cluster/home/gguidarini/protein-design/outputs/2026-04-08/09-29-38/dpo_last_models/last.pt
2026-04-08 19:09:54,181 | INFO | step=20 train_loss=0.449217
2026-04-08 19:11:43,751 | INFO | step=40 train_loss=0.451169
2026-04-08 19:13:33,285 | INFO | step=60 train_loss=0.465663
2026-04-08 19:15:22,856 | INFO | step=80 train_loss=0.433876
2026-04-08 19:17:12,613 | INFO | step=100 train_loss=0.439046
2026-04-08 19:19:02,333 | INFO | step=120 train_loss=0.462839
2026-04-08 19:20:52,006 | INFO | step=140 train_loss=0.449130
2026-04-08 19:22:41,737 | INFO | step=160 train_loss=0.445001
2026-04-08 19:24:31,575 | INFO | step=180 train_loss=0.438709
2026-04-08 19:26:21,319 | INFO | step=200 train_loss=0.439946
2026-04-08 19:28:11,084 | INFO | step=220 train_loss=0.393390
2026-04-08 19:30:00,919 | INFO | step=240 train_loss=0.471686
2026-04-08 19:31:50,579 | INFO | step=260 train_loss=0.430735
2026-04-08 19:33:40,165 | INFO | step=280 train_loss=0.434982
2026-04-08 19:35:29,835 | INFO | step=300 train_loss=0.459599
2026-04-08 19:37:19,377 | INFO | step=320 train_loss=0.437608
2026-04-08 19:39:08,777 | INFO | step=340 train_loss=0.467212
2026-04-08 19:40:58,364 | INFO | step=360 train_loss=0.464972
2026-04-08 19:42:47,838 | INFO | step=380 train_loss=0.408919
2026-04-08 19:44:37,341 | INFO | step=400 train_loss=0.440508
2026-04-08 19:46:26,674 | INFO | step=420 train_loss=0.432028
2026-04-08 19:48:16,197 | INFO | step=440 train_loss=0.436586
2026-04-08 19:50:05,850 | INFO | step=460 train_loss=0.439245
2026-04-08 19:51:55,469 | INFO | step=480 train_loss=0.472793
2026-04-08 19:53:45,185 | INFO | step=500 train_loss=0.449369
2026-04-08 19:55:34,897 | INFO | step=520 train_loss=0.432356
2026-04-08 19:57:24,410 | INFO | step=540 train_loss=0.410032
2026-04-08 20:20:00,681 | INFO | Epoch 9 | lr=1.000e-05 | train_loss=0.444711 | val_loss=0.447033 | val_acc=0.9611 | val_margin=0.6030 | val_kl=-46.3041 | val_ppl=107.7478 | train_batches=559 | val_batches=70
2026-04-08 20:20:03,052 | INFO | Exported best checkpoint to /cluster/home/gguidarini/protein-design/outputs/2026-04-08/09-29-38/dpo_best_models/best.pt
2026-04-08 20:20:05,417 | INFO | Exported last checkpoint to /cluster/home/gguidarini/protein-design/outputs/2026-04-08/09-29-38/dpo_last_models/last.pt
2026-04-08 20:21:54,812 | INFO | step=20 train_loss=0.436518
2026-04-08 20:23:44,384 | INFO | step=40 train_loss=0.473434
2026-04-08 20:25:34,040 | INFO | step=60 train_loss=0.460379
2026-04-08 20:27:23,768 | INFO | step=80 train_loss=0.427659
2026-04-08 20:29:13,268 | INFO | step=100 train_loss=0.436958
2026-04-08 20:31:02,930 | INFO | step=120 train_loss=0.490983
2026-04-08 20:32:52,671 | INFO | step=140 train_loss=0.449155
2026-04-08 20:34:42,286 | INFO | step=160 train_loss=0.423918
2026-04-08 20:36:31,829 | INFO | step=180 train_loss=0.436101
2026-04-08 20:38:21,585 | INFO | step=200 train_loss=0.488065
2026-04-08 20:40:11,315 | INFO | step=220 train_loss=0.461787
2026-04-08 20:42:00,984 | INFO | step=240 train_loss=0.470163
2026-04-08 20:43:50,608 | INFO | step=260 train_loss=0.452554
2026-04-08 20:45:40,297 | INFO | step=280 train_loss=0.453810
2026-04-08 20:47:29,852 | INFO | step=300 train_loss=0.451897
2026-04-08 20:49:19,410 | INFO | step=320 train_loss=0.442986
2026-04-08 20:51:08,943 | INFO | step=340 train_loss=0.403230
2026-04-08 20:52:58,690 | INFO | step=360 train_loss=0.449269
2026-04-08 20:54:48,480 | INFO | step=380 train_loss=0.431589
2026-04-08 20:56:38,272 | INFO | step=400 train_loss=0.460096
2026-04-08 20:58:27,888 | INFO | step=420 train_loss=0.480294
2026-04-08 21:00:17,649 | INFO | step=440 train_loss=0.436469
2026-04-08 21:02:07,308 | INFO | step=460 train_loss=0.409390
2026-04-08 21:03:56,812 | INFO | step=480 train_loss=0.485226
2026-04-08 21:05:46,359 | INFO | step=500 train_loss=0.438359
2026-04-08 21:07:35,904 | INFO | step=520 train_loss=0.429800
2026-04-08 21:09:25,525 | INFO | step=540 train_loss=0.433159
2026-04-08 21:32:03,324 | INFO | Epoch 10 | lr=1.000e-05 | train_loss=0.444420 | val_loss=0.446838 | val_acc=0.9620 | val_margin=0.6035 | val_kl=-46.3412 | val_ppl=107.8689 | train_batches=559 | val_batches=70
2026-04-08 21:32:05,644 | INFO | Exported best checkpoint to /cluster/home/gguidarini/protein-design/outputs/2026-04-08/09-29-38/dpo_best_models/best.pt
2026-04-08 21:32:07,805 | INFO | Exported last checkpoint to /cluster/home/gguidarini/protein-design/outputs/2026-04-08/09-29-38/dpo_last_models/last.pt
2026-04-08 21:33:57,210 | INFO | step=20 train_loss=0.457783
2026-04-08 21:35:46,918 | INFO | step=40 train_loss=0.460082
2026-04-08 21:37:36,663 | INFO | step=60 train_loss=0.439136
2026-04-08 21:39:26,332 | INFO | step=80 train_loss=0.453813
2026-04-08 21:41:16,123 | INFO | step=100 train_loss=0.430737
2026-04-08 21:43:05,706 | INFO | step=120 train_loss=0.421601
2026-04-08 21:44:55,325 | INFO | step=140 train_loss=0.418153
2026-04-08 21:46:44,832 | INFO | step=160 train_loss=0.422028
2026-04-08 21:48:34,408 | INFO | step=180 train_loss=0.446524
2026-04-08 21:50:24,197 | INFO | step=200 train_loss=0.412284
2026-04-08 21:52:13,845 | INFO | step=220 train_loss=0.461341
2026-04-08 21:54:03,573 | INFO | step=240 train_loss=0.415615
2026-04-08 21:55:53,289 | INFO | step=260 train_loss=0.445039
2026-04-08 21:57:42,900 | INFO | step=280 train_loss=0.458782
2026-04-08 21:59:32,363 | INFO | step=300 train_loss=0.433439
2026-04-08 22:01:22,045 | INFO | step=320 train_loss=0.423507
2026-04-08 22:03:11,819 | INFO | step=340 train_loss=0.421961
2026-04-08 22:05:01,502 | INFO | step=360 train_loss=0.452545
2026-04-08 22:06:51,232 | INFO | step=380 train_loss=0.476140
2026-04-08 22:08:40,908 | INFO | step=400 train_loss=0.464363
2026-04-08 22:10:30,728 | INFO | step=420 train_loss=0.434071
2026-04-08 22:12:20,366 | INFO | step=440 train_loss=0.439088
2026-04-08 22:14:10,079 | INFO | step=460 train_loss=0.450919
2026-04-08 22:15:59,763 | INFO | step=480 train_loss=0.485348
2026-04-08 22:17:49,440 | INFO | step=500 train_loss=0.457120
2026-04-08 22:19:39,053 | INFO | step=520 train_loss=0.450381
2026-04-08 22:21:28,673 | INFO | step=540 train_loss=0.432249
2026-04-08 22:44:04,779 | INFO | Epoch 11 | lr=1.000e-05 | train_loss=0.444319 | val_loss=0.446721 | val_acc=0.9620 | val_margin=0.6038 | val_kl=-46.4543 | val_ppl=108.3547 | train_batches=559 | val_batches=70
2026-04-08 22:44:07,020 | INFO | Exported best checkpoint to /cluster/home/gguidarini/protein-design/outputs/2026-04-08/09-29-38/dpo_best_models/best.pt
2026-04-08 22:44:09,929 | INFO | Exported last checkpoint to /cluster/home/gguidarini/protein-design/outputs/2026-04-08/09-29-38/dpo_last_models/last.pt
2026-04-08 22:45:59,385 | INFO | step=20 train_loss=0.473769
2026-04-08 22:47:49,118 | INFO | step=40 train_loss=0.441237
2026-04-08 22:49:38,792 | INFO | step=60 train_loss=0.447983
2026-04-08 22:51:28,502 | INFO | step=80 train_loss=0.460696
2026-04-08 22:53:18,201 | INFO | step=100 train_loss=0.420096
2026-04-08 22:55:07,662 | INFO | step=120 train_loss=0.459491
2026-04-08 22:56:57,080 | INFO | step=140 train_loss=0.436628
2026-04-08 22:58:46,570 | INFO | step=160 train_loss=0.486972
2026-04-08 23:00:36,120 | INFO | step=180 train_loss=0.430479
2026-04-08 23:02:25,674 | INFO | step=200 train_loss=0.440453
2026-04-08 23:04:15,402 | INFO | step=220 train_loss=0.442355
2026-04-08 23:06:05,016 | INFO | step=240 train_loss=0.435528
2026-04-08 23:07:54,640 | INFO | step=260 train_loss=0.409900
2026-04-08 23:09:44,277 | INFO | step=280 train_loss=0.456897
2026-04-08 23:11:33,964 | INFO | step=300 train_loss=0.463692
2026-04-08 23:13:23,600 | INFO | step=320 train_loss=0.449941
2026-04-08 23:15:13,231 | INFO | step=340 train_loss=0.450881
2026-04-08 23:17:02,899 | INFO | step=360 train_loss=0.449899
2026-04-08 23:18:52,648 | INFO | step=380 train_loss=0.436658
2026-04-08 23:20:42,369 | INFO | step=400 train_loss=0.444406
2026-04-08 23:22:31,977 | INFO | step=420 train_loss=0.421272
2026-04-08 23:24:21,780 | INFO | step=440 train_loss=0.458003
2026-04-08 23:26:11,504 | INFO | step=460 train_loss=0.455649
2026-04-08 23:28:01,184 | INFO | step=480 train_loss=0.465980
2026-04-08 23:29:50,739 | INFO | step=500 train_loss=0.434802
2026-04-08 23:31:40,338 | INFO | step=520 train_loss=0.440145
2026-04-08 23:33:29,932 | INFO | step=540 train_loss=0.451053
2026-04-08 23:56:04,356 | INFO | Epoch 12 | lr=1.000e-05 | train_loss=0.444189 | val_loss=0.446471 | val_acc=0.9620 | val_margin=0.6046 | val_kl=-46.4726 | val_ppl=108.2279 | train_batches=559 | val_batches=70
2026-04-08 23:56:06,931 | INFO | Exported best checkpoint to /cluster/home/gguidarini/protein-design/outputs/2026-04-08/09-29-38/dpo_best_models/best.pt
2026-04-08 23:56:09,172 | INFO | Exported last checkpoint to /cluster/home/gguidarini/protein-design/outputs/2026-04-08/09-29-38/dpo_last_models/last.pt
2026-04-08 23:57:58,736 | INFO | step=20 train_loss=0.491012
2026-04-08 23:59:48,372 | INFO | step=40 train_loss=0.450944
2026-04-09 00:01:38,176 | INFO | step=60 train_loss=0.446943
2026-04-09 00:03:27,880 | INFO | step=80 train_loss=0.453047
2026-04-09 00:05:17,464 | INFO | step=100 train_loss=0.438986
2026-04-09 00:07:07,140 | INFO | step=120 train_loss=0.439322
2026-04-09 00:08:56,911 | INFO | step=140 train_loss=0.412888
2026-04-09 00:10:46,686 | INFO | step=160 train_loss=0.452863
2026-04-09 00:12:36,528 | INFO | step=180 train_loss=0.406494
2026-04-09 00:14:26,328 | INFO | step=200 train_loss=0.433612
2026-04-09 00:16:16,128 | INFO | step=220 train_loss=0.430715
2026-04-09 00:18:05,984 | INFO | step=240 train_loss=0.456742
2026-04-09 00:19:55,546 | INFO | step=260 train_loss=0.427984
2026-04-09 00:21:45,164 | INFO | step=280 train_loss=0.458236
2026-04-09 00:23:34,908 | INFO | step=300 train_loss=0.436167
2026-04-09 00:25:24,737 | INFO | step=320 train_loss=0.469656
2026-04-09 00:27:14,448 | INFO | step=340 train_loss=0.449188
2026-04-09 00:29:04,363 | INFO | step=360 train_loss=0.420542
2026-04-09 00:30:54,268 | INFO | step=380 train_loss=0.431626
2026-04-09 00:32:43,983 | INFO | step=400 train_loss=0.474107
2026-04-09 00:34:33,741 | INFO | step=420 train_loss=0.427507
2026-04-09 00:36:23,539 | INFO | step=440 train_loss=0.406409
2026-04-09 00:38:13,193 | INFO | step=460 train_loss=0.455159
2026-04-09 00:40:02,978 | INFO | step=480 train_loss=0.430427
2026-04-09 00:41:52,804 | INFO | step=500 train_loss=0.444570
2026-04-09 00:43:42,543 | INFO | step=520 train_loss=0.427844
2026-04-09 00:45:31,958 | INFO | step=540 train_loss=0.438949
2026-04-09 01:08:08,145 | INFO | Epoch 13 | lr=1.000e-05 | train_loss=0.444074 | val_loss=0.446310 | val_acc=0.9602 | val_margin=0.6050 | val_kl=-46.4833 | val_ppl=108.3479 | train_batches=559 | val_batches=70
2026-04-09 01:08:10,355 | INFO | Exported best checkpoint to /cluster/home/gguidarini/protein-design/outputs/2026-04-08/09-29-38/dpo_best_models/best.pt
2026-04-09 01:08:12,490 | INFO | Exported last checkpoint to /cluster/home/gguidarini/protein-design/outputs/2026-04-08/09-29-38/dpo_last_models/last.pt
2026-04-09 01:10:01,709 | INFO | step=20 train_loss=0.434623
2026-04-09 01:11:51,273 | INFO | step=40 train_loss=0.430865
2026-04-09 01:13:40,844 | INFO | step=60 train_loss=0.432604
2026-04-09 01:15:30,548 | INFO | step=80 train_loss=0.437566
2026-04-09 01:17:20,084 | INFO | step=100 train_loss=0.465649
2026-04-09 01:19:09,250 | INFO | step=120 train_loss=0.454200
2026-04-09 01:20:57,751 | INFO | step=140 train_loss=0.449919
2026-04-09 01:22:45,991 | INFO | step=160 train_loss=0.440885
2026-04-09 01:24:34,402 | INFO | step=180 train_loss=0.420057
2026-04-09 01:26:23,026 | INFO | step=200 train_loss=0.460709
2026-04-09 01:28:11,580 | INFO | step=220 train_loss=0.439782
2026-04-09 01:29:59,842 | INFO | step=240 train_loss=0.437707
2026-04-09 01:31:48,384 | INFO | step=260 train_loss=0.428017
2026-04-09 01:33:37,000 | INFO | step=280 train_loss=0.454346
2026-04-09 01:35:25,528 | INFO | step=300 train_loss=0.422058
2026-04-09 01:37:14,132 | INFO | step=320 train_loss=0.451482
2026-04-09 01:39:02,652 | INFO | step=340 train_loss=0.391930
2026-04-09 01:40:51,172 | INFO | step=360 train_loss=0.447218
2026-04-09 01:42:39,324 | INFO | step=380 train_loss=0.439018
2026-04-09 01:44:27,808 | INFO | step=400 train_loss=0.439801
2026-04-09 01:46:16,214 | INFO | step=420 train_loss=0.414842
2026-04-09 01:48:04,623 | INFO | step=440 train_loss=0.439456
2026-04-09 01:49:53,001 | INFO | step=460 train_loss=0.491072
2026-04-09 01:51:41,311 | INFO | step=480 train_loss=0.446773
2026-04-09 01:53:29,618 | INFO | step=500 train_loss=0.435426
2026-04-09 01:55:17,795 | INFO | step=520 train_loss=0.420817
2026-04-09 01:57:06,267 | INFO | step=540 train_loss=0.450384
2026-04-09 02:19:32,217 | INFO | Epoch 14 | lr=1.000e-05 | train_loss=0.444059 | val_loss=0.446478 | val_acc=0.9615 | val_margin=0.6046 | val_kl=-46.4803 | val_ppl=108.4470 | train_batches=559 | val_batches=70
2026-04-09 02:19:34,554 | INFO | Exported last checkpoint to /cluster/home/gguidarini/protein-design/outputs/2026-04-08/09-29-38/dpo_last_models/last.pt
2026-04-09 02:21:22,830 | INFO | step=20 train_loss=0.443484
2026-04-09 02:23:11,256 | INFO | step=40 train_loss=0.432776
2026-04-09 02:24:59,560 | INFO | step=60 train_loss=0.450090
2026-04-09 02:26:47,888 | INFO | step=80 train_loss=0.407141
2026-04-09 02:28:36,367 | INFO | step=100 train_loss=0.434076
2026-04-09 02:30:24,757 | INFO | step=120 train_loss=0.429420
2026-04-09 02:32:13,244 | INFO | step=140 train_loss=0.459283
2026-04-09 02:34:01,685 | INFO | step=160 train_loss=0.435538
2026-04-09 02:35:50,105 | INFO | step=180 train_loss=0.460510
2026-04-09 02:37:38,635 | INFO | step=200 train_loss=0.417108
2026-04-09 02:39:27,196 | INFO | step=220 train_loss=0.418330
2026-04-09 02:41:15,832 | INFO | step=240 train_loss=0.468196
2026-04-09 02:43:04,341 | INFO | step=260 train_loss=0.453021
2026-04-09 02:44:52,700 | INFO | step=280 train_loss=0.456194
2026-04-09 02:46:41,134 | INFO | step=300 train_loss=0.428521
2026-04-09 02:48:29,644 | INFO | step=320 train_loss=0.452546
2026-04-09 02:50:18,173 | INFO | step=340 train_loss=0.434912
2026-04-09 02:52:06,638 | INFO | step=360 train_loss=0.442065
2026-04-09 02:53:55,208 | INFO | step=380 train_loss=0.440096
2026-04-09 02:55:43,738 | INFO | step=400 train_loss=0.426891
2026-04-09 02:57:32,201 | INFO | step=420 train_loss=0.414694
2026-04-09 02:59:20,874 | INFO | step=440 train_loss=0.431083
2026-04-09 03:01:09,600 | INFO | step=460 train_loss=0.430039
2026-04-09 03:02:58,451 | INFO | step=480 train_loss=0.427637
2026-04-09 03:04:47,136 | INFO | step=500 train_loss=0.453485
2026-04-09 03:06:35,920 | INFO | step=520 train_loss=0.449536
2026-04-09 03:08:24,555 | INFO | step=540 train_loss=0.454397
2026-04-09 03:30:53,912 | INFO | Epoch 15 | lr=1.000e-05 | train_loss=0.443971 | val_loss=0.446301 | val_acc=0.9611 | val_margin=0.6051 | val_kl=-46.5111 | val_ppl=108.4990 | train_batches=559 | val_batches=70
2026-04-09 03:30:56,157 | INFO | Exported best checkpoint to /cluster/home/gguidarini/protein-design/outputs/2026-04-08/09-29-38/dpo_best_models/best.pt
2026-04-09 03:30:58,293 | INFO | Exported last checkpoint to /cluster/home/gguidarini/protein-design/outputs/2026-04-08/09-29-38/dpo_last_models/last.pt
2026-04-09 03:30:58,892 | INFO | Loaded best checkpoint for final test evaluation: /cluster/scratch/gguidarini/outputs/2026-04-08/09-30-13/checkpoints/best.pt
2026-04-09 03:31:00,049 | INFO | Exported best checkpoint to /cluster/home/gguidarini/protein-design/outputs/2026-04-08/09-29-38/dpo_best_models/best.pt
2026-04-09 03:31:01,197 | INFO | Exported last checkpoint to /cluster/home/gguidarini/protein-design/outputs/2026-04-08/09-29-38/dpo_last_models/last.pt
2026-04-09 03:50:14,802 | INFO | Test metrics | loss=0.446040 | reward_acc=0.9642 | reward_margin=0.6054 | implicit_kl=-46.5353 | batches=70 | skipped=0
2026-04-09 03:50:14,804 | INFO | Computing perplexity on test set (chosen sequences)...
2026-04-09 03:51:51,664 | INFO | Test Chosen Perplexity: 107.8852
2026-04-09 03:51:51,789 | INFO | Saved history to /cluster/scratch/gguidarini/outputs/2026-04-08/09-30-13/history.csv
2026-04-09 03:51:51,789 | INFO | Saved summary to /cluster/scratch/gguidarini/outputs/2026-04-08/09-30-13/summary.json
wandb: updating run metadata
wandb: uploading output.log; uploading wandb-summary.json
wandb: uploading history steps 419-419, summary, console lines 469-471
wandb: 
wandb: Run history:
wandb:                 epoch ▁▁▁▁▁▁▁▂▂▃▃▃▃▃▃▃▃▃▄▄▄▄▅▅▅▅▅▅▅▅▆▆▆▇▇▇▇▇▇█
wandb:                    lr ▁▁▁▁▁▁▁▁▁▁▁▁▁▁▁
wandb:                  step ▁▁▁▁▂▂▂▂▂▂▂▃▃▃▃▃▃▃▃▄▄▄▄▅▅▅▅▅▅▅▆▆▆▆▇▇▇███
wandb:    test/best_val_loss ▁
wandb:   test/num_test_pairs ▁
wandb:  test/num_train_pairs ▁
wandb:    test/num_val_pairs ▁
wandb:     test/test_batches ▁
wandb: test/test_implicit_kl ▁
wandb:        test/test_loss ▁
wandb:                   +21 ...
wandb: 
wandb: Run summary:
wandb:        best_val_loss 0.4463
wandb:                epoch 15
wandb:                   lr 1e-05
wandb:       num_test_pairs 2236
wandb:      num_train_pairs 17879
wandb:        num_val_pairs 2234
wandb:                 step 8366
wandb:   test/best_val_loss 0.4463
wandb:  test/num_test_pairs 2236
wandb: test/num_train_pairs 17879
wandb:                  +33 ...
wandb: 
wandb: 🚀 View run jolly-universe-13 at: https://wandb.ai/gguidarini-eth-zurich/flu/runs/f4ri4vru
wandb: ⭐️ View project at: https://wandb.ai/gguidarini-eth-zurich/flu
wandb: Synced 5 W&B file(s), 0 media file(s), 0 artifact file(s) and 0 other file(s)
wandb: Find logs at: /cluster/scratch/gguidarini/outputs/2026-04-08/09-30-13/wandb/run-20260408_093015-f4ri4vru/logs
